<?xml version="1.0" encoding="UTF-8"?>
<testng-results ignored="0" total="0" passed="0" failed="0" skipped="0">
  <reporter-output>
  </reporter-output>
  <suite started-at="2022-05-16T05:14:15 MDT" name="Adhoc" finished-at="2022-05-16T05:14:15 MDT" duration-ms="13">
    <groups>
    </groups>
    <test started-at="2022-05-16T05:14:15 MDT" name="Regression" finished-at="2022-05-16T05:14:15 MDT" duration-ms="13">
    </test> <!-- Regression -->
  </suite> <!-- Adhoc -->
</testng-results>
